<?xml version="1.0" encoding="UTF-8"?>
<testng-results skipped="0" failed="0" ignored="0" total="1" passed="1">
  <reporter-output>
  </reporter-output>
  <suite name="Default suite" duration-ms="36" started-at="2020-05-31T00:47:10Z" finished-at="2020-05-31T00:47:10Z">
    <groups>
    </groups>
    <test name="Default test" duration-ms="36" started-at="2020-05-31T00:47:10Z" finished-at="2020-05-31T00:47:10Z">
      <class name="com.myTests.Test1">
        <test-method status="PASS" signature="m1()[pri:0, instance:com.myTests.Test1@1b604f19]" name="m1" duration-ms="8" started-at="2020-05-31T00:47:10Z" finished-at="2020-05-31T00:47:10Z">
          <reporter-output>
          </reporter-output>
        </test-method> <!-- m1 -->
      </class> <!-- com.myTests.Test1 -->
    </test> <!-- Default test -->
  </suite> <!-- Default suite -->
</testng-results>
