<?xml version="1.0" encoding="UTF-8"?>
<testng-results skipped="0" failed="0" ignored="0" total="2" passed="2">
  <reporter-output>
  </reporter-output>
  <suite name="Suite" duration-ms="34" started-at="2020-05-31T01:06:22Z" finished-at="2020-05-31T01:06:22Z">
    <groups>
    </groups>
    <test name="Test" duration-ms="34" started-at="2020-05-31T01:06:22Z" finished-at="2020-05-31T01:06:22Z">
      <class name="com.myTests.Test1">
        <test-method status="PASS" signature="m1()[pri:0, instance:com.myTests.Test1@7823a2f9]" name="m1" duration-ms="9" started-at="2020-05-31T01:06:22Z" finished-at="2020-05-31T01:06:22Z">
          <reporter-output>
          </reporter-output>
        </test-method> <!-- m1 -->
      </class> <!-- com.myTests.Test1 -->
      <class name="com.myTests.Test2">
        <test-method status="PASS" signature="m2()[pri:0, instance:com.myTests.Test2@4cc0edeb]" name="m2" duration-ms="1" started-at="2020-05-31T01:06:22Z" finished-at="2020-05-31T01:06:22Z">
          <reporter-output>
          </reporter-output>
        </test-method> <!-- m2 -->
      </class> <!-- com.myTests.Test2 -->
    </test> <!-- Test -->
  </suite> <!-- Suite -->
</testng-results>
